2016-10-07 17:03:19.931 DEBUG 4100 --- [main] o.s.w.c.s.StandardServletEnvironment     : Adding [servletConfigInitParams] PropertySource with lowest search precedence
2016-10-07 17:03:19.934 DEBUG 4100 --- [main] o.s.w.c.s.StandardServletEnvironment     : Adding [servletContextInitParams] PropertySource with lowest search precedence
2016-10-07 17:03:19.934 DEBUG 4100 --- [main] o.s.w.c.s.StandardServletEnvironment     : Adding [systemProperties] PropertySource with lowest search precedence
2016-10-07 17:03:19.934 DEBUG 4100 --- [main] o.s.w.c.s.StandardServletEnvironment     : Adding [systemEnvironment] PropertySource with lowest search precedence
2016-10-07 17:03:19.936 DEBUG 4100 --- [main] o.s.w.c.s.StandardServletEnvironment     : Initialized StandardServletEnvironment with PropertySources [servletConfigInitParams,servletContextInitParams,systemProperties,systemEnvironment]
2016-10-07 17:03:20.016  INFO 4100 --- [main] org.krisbox.cookbook.Application         : Starting Application on DESKTOP-3FIPQOQ with PID 4100 (started by Kristopher Clark in C:\Users\Kristopher Clark\git\OTCookbook\OTCookbook)
2016-10-07 17:03:20.016  INFO 4100 --- [main] org.krisbox.cookbook.Application         : No active profile set, falling back to default profiles: default
2016-10-07 17:03:20.110  INFO 4100 --- [main] ationConfigEmbeddedWebApplicationContext : Refreshing org.springframework.boot.context.embedded.AnnotationConfigEmbeddedWebApplicationContext@1d296da: startup date [Fri Oct 07 17:03:20 CDT 2016]; root of context hierarchy
2016-10-07 17:03:22.694 DEBUG 4100 --- [main] o.s.w.c.s.StandardServletEnvironment     : Adding [applicationConfig: [classpath:/application.properties]] PropertySource with search precedence immediately lower than [applicationConfigurationProperties]
2016-10-07 17:03:22.694 DEBUG 4100 --- [main] o.s.w.c.s.StandardServletEnvironment     : Removing [applicationConfigurationProperties] PropertySource
2016-10-07 17:03:22.695 DEBUG 4100 --- [main] o.s.w.c.s.StandardServletEnvironment     : Removing [defaultProperties] PropertySource
2016-10-07 17:03:22.849  INFO 4100 --- [main] trationDelegate$BeanPostProcessorChecker : Bean 'org.springframework.transaction.annotation.ProxyTransactionManagementConfiguration' of type [class org.springframework.transaction.annotation.ProxyTransactionManagementConfiguration$$EnhancerBySpringCGLIB$$21779661] is not eligible for getting processed by all BeanPostProcessors (for example: not eligible for auto-proxying)
2016-10-07 17:03:23.637  INFO 4100 --- [main] s.b.c.e.t.TomcatEmbeddedServletContainer : Tomcat initialized with port(s): 8080 (http)
2016-10-07 17:03:23.655  INFO 4100 --- [main] o.apache.catalina.core.StandardService   : Starting service Tomcat
2016-10-07 17:03:23.656  INFO 4100 --- [main] org.apache.catalina.core.StandardEngine  : Starting Servlet Engine: Apache Tomcat/8.5.5
2016-10-07 17:03:23.829  INFO 4100 --- [localhost-startStop-1] o.a.c.c.C.[.[localhost].[/otcookbook]    : Initializing Spring embedded WebApplicationContext
2016-10-07 17:03:23.829 DEBUG 4100 --- [localhost-startStop-1] o.s.web.context.ContextLoader            : Published root WebApplicationContext as ServletContext attribute with name [org.springframework.web.context.WebApplicationContext.ROOT]
2016-10-07 17:03:23.831  INFO 4100 --- [localhost-startStop-1] o.s.web.context.ContextLoader            : Root WebApplicationContext: initialization completed in 3726 ms
2016-10-07 17:03:23.966 DEBUG 4100 --- [localhost-startStop-1] o.s.w.c.s.StandardServletEnvironment     : Adding [servletConfigInitParams] PropertySource with lowest search precedence
2016-10-07 17:03:23.966 DEBUG 4100 --- [localhost-startStop-1] o.s.w.c.s.StandardServletEnvironment     : Adding [servletContextInitParams] PropertySource with lowest search precedence
2016-10-07 17:03:23.967 DEBUG 4100 --- [localhost-startStop-1] o.s.w.c.s.StandardServletEnvironment     : Adding [systemProperties] PropertySource with lowest search precedence
2016-10-07 17:03:23.967 DEBUG 4100 --- [localhost-startStop-1] o.s.w.c.s.StandardServletEnvironment     : Adding [systemEnvironment] PropertySource with lowest search precedence
2016-10-07 17:03:23.967 DEBUG 4100 --- [localhost-startStop-1] o.s.w.c.s.StandardServletEnvironment     : Initialized StandardServletEnvironment with PropertySources [servletConfigInitParams,servletContextInitParams,systemProperties,systemEnvironment]
2016-10-07 17:03:23.988 DEBUG 4100 --- [localhost-startStop-1] o.s.w.c.s.StandardServletEnvironment     : Adding [servletConfigInitParams] PropertySource with lowest search precedence
2016-10-07 17:03:23.989 DEBUG 4100 --- [localhost-startStop-1] o.s.w.c.s.StandardServletEnvironment     : Adding [servletContextInitParams] PropertySource with lowest search precedence
2016-10-07 17:03:23.989 DEBUG 4100 --- [localhost-startStop-1] o.s.w.c.s.StandardServletEnvironment     : Adding [systemProperties] PropertySource with lowest search precedence
2016-10-07 17:03:23.989 DEBUG 4100 --- [localhost-startStop-1] o.s.w.c.s.StandardServletEnvironment     : Adding [systemEnvironment] PropertySource with lowest search precedence
2016-10-07 17:03:23.989 DEBUG 4100 --- [localhost-startStop-1] o.s.w.c.s.StandardServletEnvironment     : Initialized StandardServletEnvironment with PropertySources [servletConfigInitParams,servletContextInitParams,systemProperties,systemEnvironment]
2016-10-07 17:03:24.006 DEBUG 4100 --- [localhost-startStop-1] o.s.w.c.s.StandardServletEnvironment     : Adding [servletConfigInitParams] PropertySource with lowest search precedence
2016-10-07 17:03:24.007 DEBUG 4100 --- [localhost-startStop-1] o.s.w.c.s.StandardServletEnvironment     : Adding [servletContextInitParams] PropertySource with lowest search precedence
2016-10-07 17:03:24.007 DEBUG 4100 --- [localhost-startStop-1] o.s.w.c.s.StandardServletEnvironment     : Adding [systemProperties] PropertySource with lowest search precedence
2016-10-07 17:03:24.007 DEBUG 4100 --- [localhost-startStop-1] o.s.w.c.s.StandardServletEnvironment     : Adding [systemEnvironment] PropertySource with lowest search precedence
2016-10-07 17:03:24.007 DEBUG 4100 --- [localhost-startStop-1] o.s.w.c.s.StandardServletEnvironment     : Initialized StandardServletEnvironment with PropertySources [servletConfigInitParams,servletContextInitParams,systemProperties,systemEnvironment]
2016-10-07 17:03:24.019 DEBUG 4100 --- [localhost-startStop-1] o.s.w.c.s.StandardServletEnvironment     : Adding [servletConfigInitParams] PropertySource with lowest search precedence
2016-10-07 17:03:24.019 DEBUG 4100 --- [localhost-startStop-1] o.s.w.c.s.StandardServletEnvironment     : Adding [servletContextInitParams] PropertySource with lowest search precedence
2016-10-07 17:03:24.019 DEBUG 4100 --- [localhost-startStop-1] o.s.w.c.s.StandardServletEnvironment     : Adding [systemProperties] PropertySource with lowest search precedence
2016-10-07 17:03:24.020 DEBUG 4100 --- [localhost-startStop-1] o.s.w.c.s.StandardServletEnvironment     : Adding [systemEnvironment] PropertySource with lowest search precedence
2016-10-07 17:03:24.020 DEBUG 4100 --- [localhost-startStop-1] o.s.w.c.s.StandardServletEnvironment     : Initialized StandardServletEnvironment with PropertySources [servletConfigInitParams,servletContextInitParams,systemProperties,systemEnvironment]
2016-10-07 17:03:24.034  INFO 4100 --- [localhost-startStop-1] o.s.b.w.servlet.ServletRegistrationBean  : Mapping servlet: 'dispatcherServlet' to [/]
2016-10-07 17:03:24.036  INFO 4100 --- [localhost-startStop-1] o.s.b.w.servlet.FilterRegistrationBean   : Mapping filter: 'characterEncodingFilter' to: [/*]
2016-10-07 17:03:24.037  INFO 4100 --- [localhost-startStop-1] o.s.b.w.servlet.FilterRegistrationBean   : Mapping filter: 'hiddenHttpMethodFilter' to: [/*]
2016-10-07 17:03:24.037  INFO 4100 --- [localhost-startStop-1] o.s.b.w.servlet.FilterRegistrationBean   : Mapping filter: 'httpPutFormContentFilter' to: [/*]
2016-10-07 17:03:24.037  INFO 4100 --- [localhost-startStop-1] o.s.b.w.servlet.FilterRegistrationBean   : Mapping filter: 'requestContextFilter' to: [/*]
2016-10-07 17:03:24.059 DEBUG 4100 --- [main] o.s.w.c.s.StandardServletEnvironment     : Replacing [servletContextInitParams] PropertySource with [servletContextInitParams]
2016-10-07 17:03:24.340  INFO 4100 --- [main] j.LocalContainerEntityManagerFactoryBean : Building JPA container EntityManagerFactory for persistence unit 'default'
2016-10-07 17:03:25.625  INFO 4100 --- [main] j.LocalContainerEntityManagerFactoryBean : Initialized JPA EntityManagerFactory for persistence unit 'default'
2016-10-07 17:03:26.755 DEBUG 4100 --- [main] s.w.s.m.m.a.RequestMappingHandlerMapping : Looking for request mappings in application context: org.springframework.boot.context.embedded.AnnotationConfigEmbeddedWebApplicationContext@1d296da: startup date [Fri Oct 07 17:03:20 CDT 2016]; root of context hierarchy
2016-10-07 17:03:26.768 DEBUG 4100 --- [main] s.w.s.m.m.a.RequestMappingHandlerMapping : 1 request handler methods found on class org.krisbox.cookbook.controllers.GetConnectionDetailsController: {public java.util.List org.krisbox.cookbook.controllers.GetConnectionDetailsController.getConnectionDetails(java.lang.String,java.lang.String)={[/getConnectionDetails],methods=[GET]}}
2016-10-07 17:03:26.770  INFO 4100 --- [main] s.w.s.m.m.a.RequestMappingHandlerMapping : Mapped "{[/getConnectionDetails],methods=[GET]}" onto public java.util.List<org.krisbox.cookbook.models.ConnectionDetails> org.krisbox.cookbook.controllers.GetConnectionDetailsController.getConnectionDetails(java.lang.String,java.lang.String)
2016-10-07 17:03:26.772 DEBUG 4100 --- [main] s.w.s.m.m.a.RequestMappingHandlerMapping : 1 request handler methods found on class org.krisbox.cookbook.controllers.SaveConnectionDetailsController: {public org.krisbox.cookbook.models.results.Result org.krisbox.cookbook.controllers.SaveConnectionDetailsController.getConnectionDetails(java.lang.String,java.lang.String,java.lang.String,java.lang.String)={[/saveConnectionDetails],methods=[GET]}}
2016-10-07 17:03:26.773  INFO 4100 --- [main] s.w.s.m.m.a.RequestMappingHandlerMapping : Mapped "{[/saveConnectionDetails],methods=[GET]}" onto public org.krisbox.cookbook.models.results.Result org.krisbox.cookbook.controllers.SaveConnectionDetailsController.getConnectionDetails(java.lang.String,java.lang.String,java.lang.String,java.lang.String)
2016-10-07 17:03:26.773 DEBUG 4100 --- [main] s.w.s.m.m.a.RequestMappingHandlerMapping : 0 request handler methods found on class org.krisbox.cookbook.swagger.SwaggerConfig: {}
2016-10-07 17:03:26.774 DEBUG 4100 --- [main] s.w.s.m.m.a.RequestMappingHandlerMapping : 1 request handler methods found on class springfox.documentation.swagger2.web.Swagger2Controller: {public org.springframework.http.ResponseEntity springfox.documentation.swagger2.web.Swagger2Controller.getDocumentation(java.lang.String,javax.servlet.http.HttpServletRequest)={[/v2/api-docs],methods=[GET],produces=[application/json || application/hal+json]}}
2016-10-07 17:03:26.774  INFO 4100 --- [main] s.w.s.m.m.a.RequestMappingHandlerMapping : Mapped "{[/v2/api-docs],methods=[GET],produces=[application/json || application/hal+json]}" onto public org.springframework.http.ResponseEntity<springfox.documentation.spring.web.json.Json> springfox.documentation.swagger2.web.Swagger2Controller.getDocumentation(java.lang.String,javax.servlet.http.HttpServletRequest)
2016-10-07 17:03:26.786 DEBUG 4100 --- [main] s.w.s.m.m.a.RequestMappingHandlerMapping : 3 request handler methods found on class springfox.documentation.swagger.web.ApiResourceController: {org.springframework.http.ResponseEntity springfox.documentation.swagger.web.ApiResourceController.securityConfiguration()={[/swagger-resources/configuration/security]}, org.springframework.http.ResponseEntity springfox.documentation.swagger.web.ApiResourceController.uiConfiguration()={[/swagger-resources/configuration/ui]}, org.springframework.http.ResponseEntity springfox.documentation.swagger.web.ApiResourceController.swaggerResources()={[/swagger-resources]}}
2016-10-07 17:03:26.787  INFO 4100 --- [main] s.w.s.m.m.a.RequestMappingHandlerMapping : Mapped "{[/swagger-resources/configuration/security]}" onto org.springframework.http.ResponseEntity<springfox.documentation.swagger.web.SecurityConfiguration> springfox.documentation.swagger.web.ApiResourceController.securityConfiguration()
2016-10-07 17:03:26.788  INFO 4100 --- [main] s.w.s.m.m.a.RequestMappingHandlerMapping : Mapped "{[/swagger-resources/configuration/ui]}" onto org.springframework.http.ResponseEntity<springfox.documentation.swagger.web.UiConfiguration> springfox.documentation.swagger.web.ApiResourceController.uiConfiguration()
2016-10-07 17:03:26.798  INFO 4100 --- [main] s.w.s.m.m.a.RequestMappingHandlerMapping : Mapped "{[/swagger-resources]}" onto org.springframework.http.ResponseEntity<java.util.List<springfox.documentation.swagger.web.SwaggerResource>> springfox.documentation.swagger.web.ApiResourceController.swaggerResources()
2016-10-07 17:03:26.803 DEBUG 4100 --- [main] s.w.s.m.m.a.RequestMappingHandlerMapping : 2 request handler methods found on class org.springframework.boot.autoconfigure.web.BasicErrorController: {public org.springframework.http.ResponseEntity org.springframework.boot.autoconfigure.web.BasicErrorController.error(javax.servlet.http.HttpServletRequest)={[/error]}, public org.springframework.web.servlet.ModelAndView org.springframework.boot.autoconfigure.web.BasicErrorController.errorHtml(javax.servlet.http.HttpServletRequest,javax.servlet.http.HttpServletResponse)={[/error],produces=[text/html]}}
2016-10-07 17:03:26.804  INFO 4100 --- [main] s.w.s.m.m.a.RequestMappingHandlerMapping : Mapped "{[/error]}" onto public org.springframework.http.ResponseEntity<java.util.Map<java.lang.String, java.lang.Object>> org.springframework.boot.autoconfigure.web.BasicErrorController.error(javax.servlet.http.HttpServletRequest)
2016-10-07 17:03:26.804  INFO 4100 --- [main] s.w.s.m.m.a.RequestMappingHandlerMapping : Mapped "{[/error],produces=[text/html]}" onto public org.springframework.web.servlet.ModelAndView org.springframework.boot.autoconfigure.web.BasicErrorController.errorHtml(javax.servlet.http.HttpServletRequest,javax.servlet.http.HttpServletResponse)
2016-10-07 17:03:27.081  INFO 4100 --- [main] s.w.s.m.m.a.RequestMappingHandlerAdapter : Looking for @ControllerAdvice: org.springframework.boot.context.embedded.AnnotationConfigEmbeddedWebApplicationContext@1d296da: startup date [Fri Oct 07 17:03:20 CDT 2016]; root of context hierarchy
2016-10-07 17:03:27.156  INFO 4100 --- [main] o.s.w.s.handler.SimpleUrlHandlerMapping  : Root mapping to handler of type [class org.springframework.web.servlet.mvc.ParameterizableViewController]
2016-10-07 17:03:27.168 DEBUG 4100 --- [main] o.s.w.s.h.BeanNameUrlHandlerMapping      : Looking for URL mappings in application context: org.springframework.boot.context.embedded.AnnotationConfigEmbeddedWebApplicationContext@1d296da: startup date [Fri Oct 07 17:03:20 CDT 2016]; root of context hierarchy
2016-10-07 17:03:27.169 DEBUG 4100 --- [main] o.s.w.s.h.BeanNameUrlHandlerMapping      : Rejected bean name 'org.springframework.context.annotation.internalConfigurationAnnotationProcessor': no URL paths identified
2016-10-07 17:03:27.170 DEBUG 4100 --- [main] o.s.w.s.h.BeanNameUrlHandlerMapping      : Rejected bean name 'org.springframework.context.annotation.internalAutowiredAnnotationProcessor': no URL paths identified
2016-10-07 17:03:27.170 DEBUG 4100 --- [main] o.s.w.s.h.BeanNameUrlHandlerMapping      : Rejected bean name 'org.springframework.context.annotation.internalRequiredAnnotationProcessor': no URL paths identified
2016-10-07 17:03:27.170 DEBUG 4100 --- [main] o.s.w.s.h.BeanNameUrlHandlerMapping      : Rejected bean name 'org.springframework.context.annotation.internalCommonAnnotationProcessor': no URL paths identified
2016-10-07 17:03:27.170 DEBUG 4100 --- [main] o.s.w.s.h.BeanNameUrlHandlerMapping      : Rejected bean name 'org.springframework.context.annotation.internalPersistenceAnnotationProcessor': no URL paths identified
2016-10-07 17:03:27.170 DEBUG 4100 --- [main] o.s.w.s.h.BeanNameUrlHandlerMapping      : Rejected bean name 'org.springframework.context.event.internalEventListenerProcessor': no URL paths identified
2016-10-07 17:03:27.171 DEBUG 4100 --- [main] o.s.w.s.h.BeanNameUrlHandlerMapping      : Rejected bean name 'org.springframework.context.event.internalEventListenerFactory': no URL paths identified
2016-10-07 17:03:27.171 DEBUG 4100 --- [main] o.s.w.s.h.BeanNameUrlHandlerMapping      : Rejected bean name 'application': no URL paths identified
2016-10-07 17:03:27.171 DEBUG 4100 --- [main] o.s.w.s.h.BeanNameUrlHandlerMapping      : Rejected bean name 'org.springframework.boot.autoconfigure.internalCachingMetadataReaderFactory': no URL paths identified
2016-10-07 17:03:27.171 DEBUG 4100 --- [main] o.s.w.s.h.BeanNameUrlHandlerMapping      : Rejected bean name 'org.springframework.context.annotation.ConfigurationClassPostProcessor.importAwareProcessor': no URL paths identified
2016-10-07 17:03:27.171 DEBUG 4100 --- [main] o.s.w.s.h.BeanNameUrlHandlerMapping      : Rejected bean name 'org.springframework.context.annotation.ConfigurationClassPostProcessor.enhancedConfigurationProcessor': no URL paths identified
2016-10-07 17:03:27.171 DEBUG 4100 --- [main] o.s.w.s.h.BeanNameUrlHandlerMapping      : Rejected bean name 'defaultViewController': no URL paths identified
2016-10-07 17:03:27.171 DEBUG 4100 --- [main] o.s.w.s.h.BeanNameUrlHandlerMapping      : Rejected bean name 'getConnectionDetailsController': no URL paths identified
2016-10-07 17:03:27.171 DEBUG 4100 --- [main] o.s.w.s.h.BeanNameUrlHandlerMapping      : Rejected bean name 'saveConnectionDetailsController': no URL paths identified
2016-10-07 17:03:27.171 DEBUG 4100 --- [main] o.s.w.s.h.BeanNameUrlHandlerMapping      : Rejected bean name 'swaggerConfig': no URL paths identified
2016-10-07 17:03:27.171 DEBUG 4100 --- [main] o.s.w.s.h.BeanNameUrlHandlerMapping      : Rejected bean name 'swagger2Controller': no URL paths identified
2016-10-07 17:03:27.171 DEBUG 4100 --- [main] o.s.w.s.h.BeanNameUrlHandlerMapping      : Rejected bean name 'licenseMapperImpl': no URL paths identified
2016-10-07 17:03:27.171 DEBUG 4100 --- [main] o.s.w.s.h.BeanNameUrlHandlerMapping      : Rejected bean name 'modelMapperImpl': no URL paths identified
2016-10-07 17:03:27.171 DEBUG 4100 --- [main] o.s.w.s.h.BeanNameUrlHandlerMapping      : Rejected bean name 'parameterMapperImpl': no URL paths identified
2016-10-07 17:03:27.171 DEBUG 4100 --- [main] o.s.w.s.h.BeanNameUrlHandlerMapping      : Rejected bean name 'securityMapperImpl': no URL paths identified
2016-10-07 17:03:27.171 DEBUG 4100 --- [main] o.s.w.s.h.BeanNameUrlHandlerMapping      : Rejected bean name 'serviceModelToSwagger2MapperImpl': no URL paths identified
2016-10-07 17:03:27.171 DEBUG 4100 --- [main] o.s.w.s.h.BeanNameUrlHandlerMapping      : Rejected bean name 'vendorExtensionsMapperImpl': no URL paths identified
2016-10-07 17:03:27.171 DEBUG 4100 --- [main] o.s.w.s.h.BeanNameUrlHandlerMapping      : Rejected bean name 'apiDescriptionLookup': no URL paths identified
2016-10-07 17:03:27.171 DEBUG 4100 --- [main] o.s.w.s.h.BeanNameUrlHandlerMapping      : Rejected bean name 'apiDescriptionReader': no URL paths identified
2016-10-07 17:03:27.171 DEBUG 4100 --- [main] o.s.w.s.h.BeanNameUrlHandlerMapping      : Rejected bean name 'apiDocumentationScanner': no URL paths identified
2016-10-07 17:03:27.172 DEBUG 4100 --- [main] o.s.w.s.h.BeanNameUrlHandlerMapping      : Rejected bean name 'apiListingReader': no URL paths identified
2016-10-07 17:03:27.172 DEBUG 4100 --- [main] o.s.w.s.h.BeanNameUrlHandlerMapping      : Rejected bean name 'apiListingReferenceScanner': no URL paths identified
2016-10-07 17:03:27.172 DEBUG 4100 --- [main] o.s.w.s.h.BeanNameUrlHandlerMapping      : Rejected bean name 'apiListingScanner': no URL paths identified
2016-10-07 17:03:27.172 DEBUG 4100 --- [main] o.s.w.s.h.BeanNameUrlHandlerMapping      : Rejected bean name 'apiModelReader': no URL paths identified
2016-10-07 17:03:27.172 DEBUG 4100 --- [main] o.s.w.s.h.BeanNameUrlHandlerMapping      : Rejected bean name 'cachingOperationReader': no URL paths identified
2016-10-07 17:03:27.172 DEBUG 4100 --- [main] o.s.w.s.h.BeanNameUrlHandlerMapping      : Rejected bean name 'mediaTypeReader': no URL paths identified
2016-10-07 17:03:27.173 DEBUG 4100 --- [main] o.s.w.s.h.BeanNameUrlHandlerMapping      : Rejected bean name 'apiOperationReader': no URL paths identified
2016-10-07 17:03:27.173 DEBUG 4100 --- [main] o.s.w.s.h.BeanNameUrlHandlerMapping      : Rejected bean name 'cachingOperationNameGenerator': no URL paths identified
2016-10-07 17:03:27.173 DEBUG 4100 --- [main] o.s.w.s.h.BeanNameUrlHandlerMapping      : Rejected bean name 'defaultOperationReader': no URL paths identified
2016-10-07 17:03:27.173 DEBUG 4100 --- [main] o.s.w.s.h.BeanNameUrlHandlerMapping      : Rejected bean name 'defaultTagsProvider': no URL paths identified
2016-10-07 17:03:27.173 DEBUG 4100 --- [main] o.s.w.s.h.BeanNameUrlHandlerMapping      : Rejected bean name 'operationDeprecatedReader': no URL paths identified
2016-10-07 17:03:27.173 DEBUG 4100 --- [main] o.s.w.s.h.BeanNameUrlHandlerMapping      : Rejected bean name 'operationModelsProvider': no URL paths identified
2016-10-07 17:03:27.173 DEBUG 4100 --- [main] o.s.w.s.h.BeanNameUrlHandlerMapping      : Rejected bean name 'operationParameterHeadersConditionReader': no URL paths identified
2016-10-07 17:03:27.173 DEBUG 4100 --- [main] o.s.w.s.h.BeanNameUrlHandlerMapping      : Rejected bean name 'operationParameterReader': no URL paths identified
2016-10-07 17:03:27.173 DEBUG 4100 --- [main] o.s.w.s.h.BeanNameUrlHandlerMapping      : Rejected bean name 'operationParameterRequestConditionReader': no URL paths identified
2016-10-07 17:03:27.173 DEBUG 4100 --- [main] o.s.w.s.h.BeanNameUrlHandlerMapping      : Rejected bean name 'operationResponseClassReader': no URL paths identified
2016-10-07 17:03:27.173 DEBUG 4100 --- [main] o.s.w.s.h.BeanNameUrlHandlerMapping      : Rejected bean name 'operationTagsReader': no URL paths identified
2016-10-07 17:03:27.173 DEBUG 4100 --- [main] o.s.w.s.h.BeanNameUrlHandlerMapping      : Rejected bean name 'responseMessagesReader': no URL paths identified
2016-10-07 17:03:27.173 DEBUG 4100 --- [main] o.s.w.s.h.BeanNameUrlHandlerMapping      : Rejected bean name 'expandedParameterBuilder': no URL paths identified
2016-10-07 17:03:27.173 DEBUG 4100 --- [main] o.s.w.s.h.BeanNameUrlHandlerMapping      : Rejected bean name 'modelAttributeParameterExpander': no URL paths identified
2016-10-07 17:03:27.173 DEBUG 4100 --- [main] o.s.w.s.h.BeanNameUrlHandlerMapping      : Rejected bean name 'parameterDataTypeReader': no URL paths identified
2016-10-07 17:03:27.173 DEBUG 4100 --- [main] o.s.w.s.h.BeanNameUrlHandlerMapping      : Rejected bean name 'parameterDefaultReader': no URL paths identified
2016-10-07 17:03:27.173 DEBUG 4100 --- [main] o.s.w.s.h.BeanNameUrlHandlerMapping      : Rejected bean name 'parameterMultiplesReader': no URL paths identified
2016-10-07 17:03:27.173 DEBUG 4100 --- [main] o.s.w.s.h.BeanNameUrlHandlerMapping      : Rejected bean name 'parameterNameReader': no URL paths identified
2016-10-07 17:03:27.173 DEBUG 4100 --- [main] o.s.w.s.h.BeanNameUrlHandlerMapping      : Rejected bean name 'parameterRequiredReader': no URL paths identified
2016-10-07 17:03:27.174 DEBUG 4100 --- [main] o.s.w.s.h.BeanNameUrlHandlerMapping      : Rejected bean name 'parameterTypeReader': no URL paths identified
2016-10-07 17:03:27.174 DEBUG 4100 --- [main] o.s.w.s.h.BeanNameUrlHandlerMapping      : Rejected bean name 'documentationPluginsBootstrapper': no URL paths identified
2016-10-07 17:03:27.174 DEBUG 4100 --- [main] o.s.w.s.h.BeanNameUrlHandlerMapping      : Rejected bean name 'documentationPluginsManager': no URL paths identified
2016-10-07 17:03:27.174 DEBUG 4100 --- [main] o.s.w.s.h.BeanNameUrlHandlerMapping      : Rejected bean name 'webMvcRequestHandlerProvider': no URL paths identified
2016-10-07 17:03:27.174 DEBUG 4100 --- [main] o.s.w.s.h.BeanNameUrlHandlerMapping      : Rejected bean name 'operationPathDecorator': no URL paths identified
2016-10-07 17:03:27.174 DEBUG 4100 --- [main] o.s.w.s.h.BeanNameUrlHandlerMapping      : Rejected bean name 'pathMappingDecorator': no URL paths identified
2016-10-07 17:03:27.174 DEBUG 4100 --- [main] o.s.w.s.h.BeanNameUrlHandlerMapping      : Rejected bean name 'pathSanitizer': no URL paths identified
2016-10-07 17:03:27.174 DEBUG 4100 --- [main] o.s.w.s.h.BeanNameUrlHandlerMapping      : Rejected bean name 'queryStringUriTemplateDecorator': no URL paths identified
2016-10-07 17:03:27.174 DEBUG 4100 --- [main] o.s.w.s.h.BeanNameUrlHandlerMapping      : Rejected bean name 'cachingModelDependencyProvider': no URL paths identified
2016-10-07 17:03:27.174 DEBUG 4100 --- [main] o.s.w.s.h.BeanNameUrlHandlerMapping      : Rejected bean name 'cachingModelProvider': no URL paths identified
2016-10-07 17:03:27.174 DEBUG 4100 --- [main] o.s.w.s.h.BeanNameUrlHandlerMapping      : Rejected bean name 'defaultModelDependencyProvider': no URL paths identified
2016-10-07 17:03:27.174 DEBUG 4100 --- [main] o.s.w.s.h.BeanNameUrlHandlerMapping      : Rejected bean name 'defaultModelProvider': no URL paths identified
2016-10-07 17:03:27.174 DEBUG 4100 --- [main] o.s.w.s.h.BeanNameUrlHandlerMapping      : Rejected bean name 'schemaPluginsManager': no URL paths identified
2016-10-07 17:03:27.174 DEBUG 4100 --- [main] o.s.w.s.h.BeanNameUrlHandlerMapping      : Rejected bean name 'accessorsProvider': no URL paths identified
2016-10-07 17:03:27.176 DEBUG 4100 --- [main] o.s.w.s.h.BeanNameUrlHandlerMapping      : Rejected bean name 'cachingModelPropertiesProvider': no URL paths identified
2016-10-07 17:03:27.176 DEBUG 4100 --- [main] o.s.w.s.h.BeanNameUrlHandlerMapping      : Rejected bean name 'factoryMethodProvider': no URL paths identified
2016-10-07 17:03:27.176 DEBUG 4100 --- [main] o.s.w.s.h.BeanNameUrlHandlerMapping      : Rejected bean name 'fieldProvider': no URL paths identified
2016-10-07 17:03:27.176 DEBUG 4100 --- [main] o.s.w.s.h.BeanNameUrlHandlerMapping      : Rejected bean name 'objectMapperBeanPropertyNamingStrategy': no URL paths identified
2016-10-07 17:03:27.176 DEBUG 4100 --- [main] o.s.w.s.h.BeanNameUrlHandlerMapping      : Rejected bean name 'optimized': no URL paths identified
2016-10-07 17:03:27.176 DEBUG 4100 --- [main] o.s.w.s.h.BeanNameUrlHandlerMapping      : Rejected bean name 'typeNameExtractor': no URL paths identified
2016-10-07 17:03:27.176 DEBUG 4100 --- [main] o.s.w.s.h.BeanNameUrlHandlerMapping      : Rejected bean name 'apiModelBuilder': no URL paths identified
2016-10-07 17:03:27.176 DEBUG 4100 --- [main] o.s.w.s.h.BeanNameUrlHandlerMapping      : Rejected bean name 'apiModelPropertyPropertyBuilder': no URL paths identified
2016-10-07 17:03:27.177 DEBUG 4100 --- [main] o.s.w.s.h.BeanNameUrlHandlerMapping      : Rejected bean name 'apiModelTypeNameProvider': no URL paths identified
2016-10-07 17:03:27.177 DEBUG 4100 --- [main] o.s.w.s.h.BeanNameUrlHandlerMapping      : Rejected bean name 'operationAuthReader': no URL paths identified
2016-10-07 17:03:27.177 DEBUG 4100 --- [main] o.s.w.s.h.BeanNameUrlHandlerMapping      : Rejected bean name 'operationHiddenReader': no URL paths identified
2016-10-07 17:03:27.177 DEBUG 4100 --- [main] o.s.w.s.h.BeanNameUrlHandlerMapping      : Rejected bean name 'operationHttpMethodReader': no URL paths identified
2016-10-07 17:03:27.179 DEBUG 4100 --- [main] o.s.w.s.h.BeanNameUrlHandlerMapping      : Rejected bean name 'operationImplicitParameterReader': no URL paths identified
2016-10-07 17:03:27.179 DEBUG 4100 --- [main] o.s.w.s.h.BeanNameUrlHandlerMapping      : Rejected bean name 'operationImplicitParametersReader': no URL paths identified
2016-10-07 17:03:27.179 DEBUG 4100 --- [main] o.s.w.s.h.BeanNameUrlHandlerMapping      : Rejected bean name 'operationNicknameIntoUniqueIdReader': no URL paths identified
2016-10-07 17:03:27.179 DEBUG 4100 --- [main] o.s.w.s.h.BeanNameUrlHandlerMapping      : Rejected bean name 'operationNotesReader': no URL paths identified
2016-10-07 17:03:27.179 DEBUG 4100 --- [main] o.s.w.s.h.BeanNameUrlHandlerMapping      : Rejected bean name 'operationPositionReader': no URL paths identified
2016-10-07 17:03:27.179 DEBUG 4100 --- [main] o.s.w.s.h.BeanNameUrlHandlerMapping      : Rejected bean name 'operationSummaryReader': no URL paths identified
2016-10-07 17:03:27.179 DEBUG 4100 --- [main] o.s.w.s.h.BeanNameUrlHandlerMapping      : Rejected bean name 'swaggerMediaTypeReader': no URL paths identified
2016-10-07 17:03:27.179 DEBUG 4100 --- [main] o.s.w.s.h.BeanNameUrlHandlerMapping      : Rejected bean name 'swaggerOperationModelsProvider': no URL paths identified
2016-10-07 17:03:27.179 DEBUG 4100 --- [main] o.s.w.s.h.BeanNameUrlHandlerMapping      : Rejected bean name 'swaggerOperationResponseClassReader': no URL paths identified
2016-10-07 17:03:27.179 DEBUG 4100 --- [main] o.s.w.s.h.BeanNameUrlHandlerMapping      : Rejected bean name 'swaggerOperationTagsReader': no URL paths identified
2016-10-07 17:03:27.179 DEBUG 4100 --- [main] o.s.w.s.h.BeanNameUrlHandlerMapping      : Rejected bean name 'swaggerResponseMessageReader': no URL paths identified
2016-10-07 17:03:27.179 DEBUG 4100 --- [main] o.s.w.s.h.BeanNameUrlHandlerMapping      : Rejected bean name 'vendorExtensionsReader': no URL paths identified
2016-10-07 17:03:27.180 DEBUG 4100 --- [main] o.s.w.s.h.BeanNameUrlHandlerMapping      : Rejected bean name 'swaggerParameterDescriptionReader': no URL paths identified
2016-10-07 17:03:27.180 DEBUG 4100 --- [main] o.s.w.s.h.BeanNameUrlHandlerMapping      : Rejected bean name 'swaggerExpandedParameterBuilder': no URL paths identified
2016-10-07 17:03:27.180 DEBUG 4100 --- [main] o.s.w.s.h.BeanNameUrlHandlerMapping      : Rejected bean name 'apiResourceController': no URL paths identified
2016-10-07 17:03:27.180 DEBUG 4100 --- [main] o.s.w.s.h.BeanNameUrlHandlerMapping      : Rejected bean name 'classOrApiAnnotationResourceGrouping': no URL paths identified
2016-10-07 17:03:27.180 DEBUG 4100 --- [main] o.s.w.s.h.BeanNameUrlHandlerMapping      : Rejected bean name 'inMemorySwaggerResourcesProvider': no URL paths identified
2016-10-07 17:03:27.180 DEBUG 4100 --- [main] o.s.w.s.h.BeanNameUrlHandlerMapping      : Rejected bean name 'swaggerApiListingReader': no URL paths identified
2016-10-07 17:03:27.180 DEBUG 4100 --- [main] o.s.w.s.h.BeanNameUrlHandlerMapping      : Rejected bean name 'springfox.documentation.schema.configuration.ModelsConfiguration': no URL paths identified
2016-10-07 17:03:27.180 DEBUG 4100 --- [main] o.s.w.s.h.BeanNameUrlHandlerMapping      : Rejected bean name 'typeResolver': no URL paths identified
2016-10-07 17:03:27.180 DEBUG 4100 --- [main] o.s.w.s.h.BeanNameUrlHandlerMapping      : Rejected bean name 'modelBuilderPluginRegistry': no URL paths identified
2016-10-07 17:03:27.180 DEBUG 4100 --- [main] o.s.w.s.h.BeanNameUrlHandlerMapping      : Rejected bean name 'modelPropertyBuilderPluginRegistry': no URL paths identified
2016-10-07 17:03:27.180 DEBUG 4100 --- [main] o.s.w.s.h.BeanNameUrlHandlerMapping      : Rejected bean name 'typeNameProviderPluginRegistry': no URL paths identified
2016-10-07 17:03:27.180 DEBUG 4100 --- [main] o.s.w.s.h.BeanNameUrlHandlerMapping      : Rejected bean name 'springfox.documentation.spring.web.SpringfoxWebMvcConfiguration': no URL paths identified
2016-10-07 17:03:27.180 DEBUG 4100 --- [main] o.s.w.s.h.BeanNameUrlHandlerMapping      : Rejected bean name 'defaults': no URL paths identified
2016-10-07 17:03:27.180 DEBUG 4100 --- [main] o.s.w.s.h.BeanNameUrlHandlerMapping      : Rejected bean name 'resourceGroupCache': no URL paths identified
2016-10-07 17:03:27.180 DEBUG 4100 --- [main] o.s.w.s.h.BeanNameUrlHandlerMapping      : Rejected bean name 'objectMapperConfigurer': no URL paths identified
2016-10-07 17:03:27.180 DEBUG 4100 --- [main] o.s.w.s.h.BeanNameUrlHandlerMapping      : Rejected bean name 'jsonSerializer': no URL paths identified
2016-10-07 17:03:27.180 DEBUG 4100 --- [main] o.s.w.s.h.BeanNameUrlHandlerMapping      : Rejected bean name 'documentationPluginRegistry': no URL paths identified
2016-10-07 17:03:27.180 DEBUG 4100 --- [main] o.s.w.s.h.BeanNameUrlHandlerMapping      : Rejected bean name 'apiListingBuilderPluginRegistry': no URL paths identified
2016-10-07 17:03:27.180 DEBUG 4100 --- [main] o.s.w.s.h.BeanNameUrlHandlerMapping      : Rejected bean name 'operationBuilderPluginRegistry': no URL paths identified
2016-10-07 17:03:27.180 DEBUG 4100 --- [main] o.s.w.s.h.BeanNameUrlHandlerMapping      : Rejected bean name 'parameterBuilderPluginRegistry': no URL paths identified
2016-10-07 17:03:27.180 DEBUG 4100 --- [main] o.s.w.s.h.BeanNameUrlHandlerMapping      : Rejected bean name 'expandedParameterBuilderPluginRegistry': no URL paths identified
2016-10-07 17:03:27.180 DEBUG 4100 --- [main] o.s.w.s.h.BeanNameUrlHandlerMapping      : Rejected bean name 'resourceGroupingStrategyRegistry': no URL paths identified
2016-10-07 17:03:27.180 DEBUG 4100 --- [main] o.s.w.s.h.BeanNameUrlHandlerMapping      : Rejected bean name 'operationModelsProviderPluginRegistry': no URL paths identified
2016-10-07 17:03:27.180 DEBUG 4100 --- [main] o.s.w.s.h.BeanNameUrlHandlerMapping      : Rejected bean name 'defaultsProviderPluginRegistry': no URL paths identified
2016-10-07 17:03:27.180 DEBUG 4100 --- [main] o.s.w.s.h.BeanNameUrlHandlerMapping      : Rejected bean name 'pathDecoratorRegistry': no URL paths identified
2016-10-07 17:03:27.180 DEBUG 4100 --- [main] o.s.w.s.h.BeanNameUrlHandlerMapping      : Rejected bean name 'springfox.documentation.swagger.configuration.SwaggerCommonConfiguration': no URL paths identified
2016-10-07 17:03:27.180 DEBUG 4100 --- [main] o.s.w.s.h.BeanNameUrlHandlerMapping      : Rejected bean name 'swaggerProperties': no URL paths identified
2016-10-07 17:03:27.180 DEBUG 4100 --- [main] o.s.w.s.h.BeanNameUrlHandlerMapping      : Rejected bean name 'springfox.documentation.swagger2.configuration.Swagger2DocumentationConfiguration': no URL paths identified
2016-10-07 17:03:27.181 DEBUG 4100 --- [main] o.s.w.s.h.BeanNameUrlHandlerMapping      : Rejected bean name 'swagger2Module': no URL paths identified
2016-10-07 17:03:27.181 DEBUG 4100 --- [main] o.s.w.s.h.BeanNameUrlHandlerMapping      : Rejected bean name 'api': no URL paths identified
2016-10-07 17:03:27.181 DEBUG 4100 --- [main] o.s.w.s.h.BeanNameUrlHandlerMapping      : Rejected bean name 'org.springframework.boot.autoconfigure.AutoConfigurationPackages': no URL paths identified
2016-10-07 17:03:27.181 DEBUG 4100 --- [main] o.s.w.s.h.BeanNameUrlHandlerMapping      : Rejected bean name 'org.springframework.boot.autoconfigure.PropertyPlaceholderAutoConfiguration': no URL paths identified
2016-10-07 17:03:27.181 DEBUG 4100 --- [main] o.s.w.s.h.BeanNameUrlHandlerMapping      : Rejected bean name 'org.springframework.boot.autoconfigure.condition.BeanTypeRegistry': no URL paths identified
2016-10-07 17:03:27.181 DEBUG 4100 --- [main] o.s.w.s.h.BeanNameUrlHandlerMapping      : Rejected bean name 'propertySourcesPlaceholderConfigurer': no URL paths identified
2016-10-07 17:03:27.181 DEBUG 4100 --- [main] o.s.w.s.h.BeanNameUrlHandlerMapping      : Rejected bean name 'org.springframework.boot.autoconfigure.jackson.JacksonAutoConfiguration$Jackson2ObjectMapperBuilderCustomizerConfiguration': no URL paths identified
2016-10-07 17:03:27.181 DEBUG 4100 --- [main] o.s.w.s.h.BeanNameUrlHandlerMapping      : Rejected bean name 'standardJacksonObjectMapperBuilderCustomizer': no URL paths identified
2016-10-07 17:03:27.181 DEBUG 4100 --- [main] o.s.w.s.h.BeanNameUrlHandlerMapping      : Rejected bean name 'spring.jackson-org.springframework.boot.autoconfigure.jackson.JacksonProperties': no URL paths identified
2016-10-07 17:03:27.181 DEBUG 4100 --- [main] o.s.w.s.h.BeanNameUrlHandlerMapping      : Rejected bean name 'org.springframework.boot.context.properties.ConfigurationPropertiesBindingPostProcessor': no URL paths identified
2016-10-07 17:03:27.181 DEBUG 4100 --- [main] o.s.w.s.h.BeanNameUrlHandlerMapping      : Rejected bean name 'org.springframework.boot.context.properties.ConfigurationPropertiesBindingPostProcessor.store': no URL paths identified
2016-10-07 17:03:27.181 DEBUG 4100 --- [main] o.s.w.s.h.BeanNameUrlHandlerMapping      : Rejected bean name 'org.springframework.boot.autoconfigure.jackson.JacksonAutoConfiguration$JacksonObjectMapperBuilderConfiguration': no URL paths identified
2016-10-07 17:03:27.181 DEBUG 4100 --- [main] o.s.w.s.h.BeanNameUrlHandlerMapping      : Rejected bean name 'jacksonObjectMapperBuilder': no URL paths identified
2016-10-07 17:03:27.181 DEBUG 4100 --- [main] o.s.w.s.h.BeanNameUrlHandlerMapping      : Rejected bean name 'org.springframework.boot.autoconfigure.jackson.JacksonAutoConfiguration$JacksonObjectMapperConfiguration': no URL paths identified
2016-10-07 17:03:27.181 DEBUG 4100 --- [main] o.s.w.s.h.BeanNameUrlHandlerMapping      : Rejected bean name 'jacksonObjectMapper': no URL paths identified
2016-10-07 17:03:27.181 DEBUG 4100 --- [main] o.s.w.s.h.BeanNameUrlHandlerMapping      : Rejected bean name 'org.springframework.boot.autoconfigure.jackson.JacksonAutoConfiguration': no URL paths identified
2016-10-07 17:03:27.181 DEBUG 4100 --- [main] o.s.w.s.h.BeanNameUrlHandlerMapping      : Rejected bean name 'jsonComponentModule': no URL paths identified
2016-10-07 17:03:27.181 DEBUG 4100 --- [main] o.s.w.s.h.BeanNameUrlHandlerMapping      : Rejected bean name 'org.springframework.boot.autoconfigure.websocket.WebSocketAutoConfiguration$TomcatWebSocketConfiguration': no URL paths identified
2016-10-07 17:03:27.181 DEBUG 4100 --- [main] o.s.w.s.h.BeanNameUrlHandlerMapping      : Rejected bean name 'websocketContainerCustomizer': no URL paths identified
2016-10-07 17:03:27.181 DEBUG 4100 --- [main] o.s.w.s.h.BeanNameUrlHandlerMapping      : Rejected bean name 'org.springframework.boot.autoconfigure.websocket.WebSocketAutoConfiguration': no URL paths identified
2016-10-07 17:03:27.181 DEBUG 4100 --- [main] o.s.w.s.h.BeanNameUrlHandlerMapping      : Rejected bean name 'org.springframework.boot.autoconfigure.web.EmbeddedServletContainerAutoConfiguration$EmbeddedTomcat': no URL paths identified
2016-10-07 17:03:27.181 DEBUG 4100 --- [main] o.s.w.s.h.BeanNameUrlHandlerMapping      : Rejected bean name 'tomcatEmbeddedServletContainerFactory': no URL paths identified
2016-10-07 17:03:27.181 DEBUG 4100 --- [main] o.s.w.s.h.BeanNameUrlHandlerMapping      : Rejected bean name 'org.springframework.boot.autoconfigure.web.EmbeddedServletContainerAutoConfiguration': no URL paths identified
2016-10-07 17:03:27.181 DEBUG 4100 --- [main] o.s.w.s.h.BeanNameUrlHandlerMapping      : Rejected bean name 'embeddedServletContainerCustomizerBeanPostProcessor': no URL paths identified
2016-10-07 17:03:27.182 DEBUG 4100 --- [main] o.s.w.s.h.BeanNameUrlHandlerMapping      : Rejected bean name 'errorPageRegistrarBeanPostProcessor': no URL paths identified
2016-10-07 17:03:27.182 DEBUG 4100 --- [main] o.s.w.s.h.BeanNameUrlHandlerMapping      : Rejected bean name 'org.springframework.boot.autoconfigure.web.DispatcherServletAutoConfiguration$DispatcherServletConfiguration': no URL paths identified
2016-10-07 17:03:27.182 DEBUG 4100 --- [main] o.s.w.s.h.BeanNameUrlHandlerMapping      : Rejected bean name 'dispatcherServlet': no URL paths identified
2016-10-07 17:03:27.182 DEBUG 4100 --- [main] o.s.w.s.h.BeanNameUrlHandlerMapping      : Rejected bean name 'spring.mvc-org.springframework.boot.autoconfigure.web.WebMvcProperties': no URL paths identified
2016-10-07 17:03:27.182 DEBUG 4100 --- [main] o.s.w.s.h.BeanNameUrlHandlerMapping      : Rejected bean name 'org.springframework.boot.autoconfigure.web.DispatcherServletAutoConfiguration$DispatcherServletRegistrationConfiguration': no URL paths identified
2016-10-07 17:03:27.182 DEBUG 4100 --- [main] o.s.w.s.h.BeanNameUrlHandlerMapping      : Rejected bean name 'dispatcherServletRegistration': no URL paths identified
2016-10-07 17:03:27.182 DEBUG 4100 --- [main] o.s.w.s.h.BeanNameUrlHandlerMapping      : Rejected bean name 'org.springframework.boot.autoconfigure.web.DispatcherServletAutoConfiguration': no URL paths identified
2016-10-07 17:03:27.182 DEBUG 4100 --- [main] o.s.w.s.h.BeanNameUrlHandlerMapping      : Rejected bean name 'org.springframework.boot.autoconfigure.web.ErrorMvcAutoConfiguration$WhitelabelErrorViewConfiguration': no URL paths identified
2016-10-07 17:03:27.182 DEBUG 4100 --- [main] o.s.w.s.h.BeanNameUrlHandlerMapping      : Rejected bean name 'error': no URL paths identified
2016-10-07 17:03:27.182 DEBUG 4100 --- [main] o.s.w.s.h.BeanNameUrlHandlerMapping      : Rejected bean name 'beanNameViewResolver': no URL paths identified
2016-10-07 17:03:27.182 DEBUG 4100 --- [main] o.s.w.s.h.BeanNameUrlHandlerMapping      : Rejected bean name 'org.springframework.boot.autoconfigure.web.ErrorMvcAutoConfiguration': no URL paths identified
2016-10-07 17:03:27.182 DEBUG 4100 --- [main] o.s.w.s.h.BeanNameUrlHandlerMapping      : Rejected bean name 'errorAttributes': no URL paths identified
2016-10-07 17:03:27.182 DEBUG 4100 --- [main] o.s.w.s.h.BeanNameUrlHandlerMapping      : Rejected bean name 'basicErrorController': no URL paths identified
2016-10-07 17:03:27.182 DEBUG 4100 --- [main] o.s.w.s.h.BeanNameUrlHandlerMapping      : Rejected bean name 'errorPageCustomizer': no URL paths identified
2016-10-07 17:03:27.182 DEBUG 4100 --- [main] o.s.w.s.h.BeanNameUrlHandlerMapping      : Rejected bean name 'conventionErrorViewResolver': no URL paths identified
2016-10-07 17:03:27.182 DEBUG 4100 --- [main] o.s.w.s.h.BeanNameUrlHandlerMapping      : Rejected bean name 'preserveErrorControllerTargetClassPostProcessor': no URL paths identified
2016-10-07 17:03:27.182 DEBUG 4100 --- [main] o.s.w.s.h.BeanNameUrlHandlerMapping      : Rejected bean name 'spring.resources-org.springframework.boot.autoconfigure.web.ResourceProperties': no URL paths identified
2016-10-07 17:03:27.182 DEBUG 4100 --- [main] o.s.w.s.h.BeanNameUrlHandlerMapping      : Rejected bean name 'org.springframework.boot.autoconfigure.web.WebMvcAutoConfiguration$EnableWebMvcConfiguration': no URL paths identified
2016-10-07 17:03:27.182 DEBUG 4100 --- [main] o.s.w.s.h.BeanNameUrlHandlerMapping      : Rejected bean name 'requestMappingHandlerAdapter': no URL paths identified
2016-10-07 17:03:27.182 DEBUG 4100 --- [main] o.s.w.s.h.BeanNameUrlHandlerMapping      : Rejected bean name 'requestMappingHandlerMapping': no URL paths identified
2016-10-07 17:03:27.182 DEBUG 4100 --- [main] o.s.w.s.h.BeanNameUrlHandlerMapping      : Rejected bean name 'mvcPathMatcher': no URL paths identified
2016-10-07 17:03:27.182 DEBUG 4100 --- [main] o.s.w.s.h.BeanNameUrlHandlerMapping      : Rejected bean name 'mvcUrlPathHelper': no URL paths identified
2016-10-07 17:03:27.182 DEBUG 4100 --- [main] o.s.w.s.h.BeanNameUrlHandlerMapping      : Rejected bean name 'mvcContentNegotiationManager': no URL paths identified
2016-10-07 17:03:27.182 DEBUG 4100 --- [main] o.s.w.s.h.BeanNameUrlHandlerMapping      : Rejected bean name 'viewControllerHandlerMapping': no URL paths identified
2016-10-07 17:03:27.183 DEBUG 4100 --- [main] o.s.w.s.h.BeanNameUrlHandlerMapping      : Rejected bean name 'beanNameHandlerMapping': no URL paths identified
2016-10-07 17:03:27.183 DEBUG 4100 --- [main] o.s.w.s.h.BeanNameUrlHandlerMapping      : Rejected bean name 'resourceHandlerMapping': no URL paths identified
2016-10-07 17:03:27.183 DEBUG 4100 --- [main] o.s.w.s.h.BeanNameUrlHandlerMapping      : Rejected bean name 'mvcResourceUrlProvider': no URL paths identified
2016-10-07 17:03:27.183 DEBUG 4100 --- [main] o.s.w.s.h.BeanNameUrlHandlerMapping      : Rejected bean name 'defaultServletHandlerMapping': no URL paths identified
2016-10-07 17:03:27.183 DEBUG 4100 --- [main] o.s.w.s.h.BeanNameUrlHandlerMapping      : Rejected bean name 'mvcConversionService': no URL paths identified
2016-10-07 17:03:27.183 DEBUG 4100 --- [main] o.s.w.s.h.BeanNameUrlHandlerMapping      : Rejected bean name 'mvcValidator': no URL paths identified
2016-10-07 17:03:27.183 DEBUG 4100 --- [main] o.s.w.s.h.BeanNameUrlHandlerMapping      : Rejected bean name 'mvcUriComponentsContributor': no URL paths identified
2016-10-07 17:03:27.183 DEBUG 4100 --- [main] o.s.w.s.h.BeanNameUrlHandlerMapping      : Rejected bean name 'httpRequestHandlerAdapter': no URL paths identified
2016-10-07 17:03:27.183 DEBUG 4100 --- [main] o.s.w.s.h.BeanNameUrlHandlerMapping      : Rejected bean name 'simpleControllerHandlerAdapter': no URL paths identified
2016-10-07 17:03:27.183 DEBUG 4100 --- [main] o.s.w.s.h.BeanNameUrlHandlerMapping      : Rejected bean name 'handlerExceptionResolver': no URL paths identified
2016-10-07 17:03:27.183 DEBUG 4100 --- [main] o.s.w.s.h.BeanNameUrlHandlerMapping      : Rejected bean name 'mvcViewResolver': no URL paths identified
2016-10-07 17:03:27.183 DEBUG 4100 --- [main] o.s.w.s.h.BeanNameUrlHandlerMapping      : Rejected bean name 'org.springframework.boot.autoconfigure.web.WebMvcAutoConfiguration$WebMvcAutoConfigurationAdapter$FaviconConfiguration': no URL paths identified
2016-10-07 17:03:27.183 DEBUG 4100 --- [main] o.s.w.s.h.BeanNameUrlHandlerMapping      : Rejected bean name 'faviconHandlerMapping': no URL paths identified
2016-10-07 17:03:27.183 DEBUG 4100 --- [main] o.s.w.s.h.BeanNameUrlHandlerMapping      : Rejected bean name 'faviconRequestHandler': no URL paths identified
2016-10-07 17:03:27.183 DEBUG 4100 --- [main] o.s.w.s.h.BeanNameUrlHandlerMapping      : Rejected bean name 'org.springframework.boot.autoconfigure.web.WebMvcAutoConfiguration$WebMvcAutoConfigurationAdapter': no URL paths identified
2016-10-07 17:03:27.183 DEBUG 4100 --- [main] o.s.w.s.h.BeanNameUrlHandlerMapping      : Rejected bean name 'defaultViewResolver': no URL paths identified
2016-10-07 17:03:27.183 DEBUG 4100 --- [main] o.s.w.s.h.BeanNameUrlHandlerMapping      : Rejected bean name 'viewResolver': no URL paths identified
2016-10-07 17:03:27.183 DEBUG 4100 --- [main] o.s.w.s.h.BeanNameUrlHandlerMapping      : Rejected bean name 'welcomePageHandlerMapping': no URL paths identified
2016-10-07 17:03:27.183 DEBUG 4100 --- [main] o.s.w.s.h.BeanNameUrlHandlerMapping      : Rejected bean name 'requestContextFilter': no URL paths identified
2016-10-07 17:03:27.183 DEBUG 4100 --- [main] o.s.w.s.h.BeanNameUrlHandlerMapping      : Rejected bean name 'org.springframework.boot.autoconfigure.web.WebMvcAutoConfiguration': no URL paths identified
2016-10-07 17:03:27.183 DEBUG 4100 --- [main] o.s.w.s.h.BeanNameUrlHandlerMapping      : Rejected bean name 'hiddenHttpMethodFilter': no URL paths identified
2016-10-07 17:03:27.183 DEBUG 4100 --- [main] o.s.w.s.h.BeanNameUrlHandlerMapping      : Rejected bean name 'httpPutFormContentFilter': no URL paths identified
2016-10-07 17:03:27.184 DEBUG 4100 --- [main] o.s.w.s.h.BeanNameUrlHandlerMapping      : Rejected bean name 'org.springframework.boot.autoconfigure.jmx.JmxAutoConfiguration': no URL paths identified
2016-10-07 17:03:27.184 DEBUG 4100 --- [main] o.s.w.s.h.BeanNameUrlHandlerMapping      : Rejected bean name 'mbeanExporter': no URL paths identified
2016-10-07 17:03:27.184 DEBUG 4100 --- [main] o.s.w.s.h.BeanNameUrlHandlerMapping      : Rejected bean name 'objectNamingStrategy': no URL paths identified
2016-10-07 17:03:27.184 DEBUG 4100 --- [main] o.s.w.s.h.BeanNameUrlHandlerMapping      : Rejected bean name 'mbeanServer': no URL paths identified
2016-10-07 17:03:27.184 DEBUG 4100 --- [main] o.s.w.s.h.BeanNameUrlHandlerMapping      : Rejected bean name 'org.springframework.boot.autoconfigure.aop.AopAutoConfiguration$JdkDynamicAutoProxyConfiguration': no URL paths identified
2016-10-07 17:03:27.184 DEBUG 4100 --- [main] o.s.w.s.h.BeanNameUrlHandlerMapping      : Rejected bean name 'org.springframework.aop.config.internalAutoProxyCreator': no URL paths identified
2016-10-07 17:03:27.184 DEBUG 4100 --- [main] o.s.w.s.h.BeanNameUrlHandlerMapping      : Rejected bean name 'org.springframework.boot.autoconfigure.aop.AopAutoConfiguration': no URL paths identified
2016-10-07 17:03:27.184 DEBUG 4100 --- [main] o.s.w.s.h.BeanNameUrlHandlerMapping      : Rejected bean name 'org.springframework.boot.autoconfigure.transaction.jta.JtaAutoConfiguration': no URL paths identified
2016-10-07 17:03:27.184 DEBUG 4100 --- [main] o.s.w.s.h.BeanNameUrlHandlerMapping      : Rejected bean name 'spring.jta-org.springframework.boot.autoconfigure.transaction.jta.JtaProperties': no URL paths identified
2016-10-07 17:03:27.184 DEBUG 4100 --- [main] o.s.w.s.h.BeanNameUrlHandlerMapping      : Rejected bean name 'org.springframework.boot.autoconfigure.jdbc.DataSourceConfiguration$Tomcat': no URL paths identified
2016-10-07 17:03:27.184 DEBUG 4100 --- [main] o.s.w.s.h.BeanNameUrlHandlerMapping      : Rejected bean name 'dataSource': no URL paths identified
2016-10-07 17:03:27.184 DEBUG 4100 --- [main] o.s.w.s.h.BeanNameUrlHandlerMapping      : Rejected bean name 'org.springframework.boot.autoconfigure.jdbc.DataSourceAutoConfiguration$PooledDataSourceConfiguration': no URL paths identified
2016-10-07 17:03:27.184 DEBUG 4100 --- [main] o.s.w.s.h.BeanNameUrlHandlerMapping      : Rejected bean name 'org.springframework.boot.autoconfigure.jdbc.metadata.DataSourcePoolMetadataProvidersConfiguration$TomcatDataSourcePoolMetadataProviderConfiguration': no URL paths identified
2016-10-07 17:03:27.184 DEBUG 4100 --- [main] o.s.w.s.h.BeanNameUrlHandlerMapping      : Rejected bean name 'tomcatPoolDataSourceMetadataProvider': no URL paths identified
2016-10-07 17:03:27.184 DEBUG 4100 --- [main] o.s.w.s.h.BeanNameUrlHandlerMapping      : Rejected bean name 'org.springframework.boot.autoconfigure.jdbc.metadata.DataSourcePoolMetadataProvidersConfiguration': no URL paths identified
2016-10-07 17:03:27.184 DEBUG 4100 --- [main] o.s.w.s.h.BeanNameUrlHandlerMapping      : Rejected bean name 'org.springframework.boot.autoconfigure.jdbc.DataSourceAutoConfiguration': no URL paths identified
2016-10-07 17:03:27.184 DEBUG 4100 --- [main] o.s.w.s.h.BeanNameUrlHandlerMapping      : Rejected bean name 'dataSourceInitializer': no URL paths identified
2016-10-07 17:03:27.184 DEBUG 4100 --- [main] o.s.w.s.h.BeanNameUrlHandlerMapping      : Rejected bean name 'spring.datasource-org.springframework.boot.autoconfigure.jdbc.DataSourceProperties': no URL paths identified
2016-10-07 17:03:27.184 DEBUG 4100 --- [main] o.s.w.s.h.BeanNameUrlHandlerMapping      : Rejected bean name 'dataSourceInitializerPostProcessor': no URL paths identified
2016-10-07 17:03:27.184 DEBUG 4100 --- [main] o.s.w.s.h.BeanNameUrlHandlerMapping      : Rejected bean name 'org.springframework.boot.autoconfigure.orm.jpa.JpaBaseConfiguration$JpaWebConfiguration$JpaWebMvcConfiguration': no URL paths identified
2016-10-07 17:03:27.185 DEBUG 4100 --- [main] o.s.w.s.h.BeanNameUrlHandlerMapping      : Rejected bean name 'openEntityManagerInViewInterceptor': no URL paths identified
2016-10-07 17:03:27.185 DEBUG 4100 --- [main] o.s.w.s.h.BeanNameUrlHandlerMapping      : Rejected bean name 'org.springframework.boot.autoconfigure.orm.jpa.JpaBaseConfiguration$JpaWebConfiguration': no URL paths identified
2016-10-07 17:03:27.185 DEBUG 4100 --- [main] o.s.w.s.h.BeanNameUrlHandlerMapping      : Rejected bean name 'org.springframework.boot.autoconfigure.orm.jpa.HibernateJpaAutoConfiguration': no URL paths identified
2016-10-07 17:03:27.185 DEBUG 4100 --- [main] o.s.w.s.h.BeanNameUrlHandlerMapping      : Rejected bean name 'transactionManager': no URL paths identified
2016-10-07 17:03:27.185 DEBUG 4100 --- [main] o.s.w.s.h.BeanNameUrlHandlerMapping      : Rejected bean name 'jpaVendorAdapter': no URL paths identified
2016-10-07 17:03:27.185 DEBUG 4100 --- [main] o.s.w.s.h.BeanNameUrlHandlerMapping      : Rejected bean name 'entityManagerFactoryBuilder': no URL paths identified
2016-10-07 17:03:27.185 DEBUG 4100 --- [main] o.s.w.s.h.BeanNameUrlHandlerMapping      : Rejected bean name 'entityManagerFactory': no URL paths identified
2016-10-07 17:03:27.185 DEBUG 4100 --- [main] o.s.w.s.h.BeanNameUrlHandlerMapping      : Rejected bean name 'spring.jpa-org.springframework.boot.autoconfigure.orm.jpa.JpaProperties': no URL paths identified
2016-10-07 17:03:27.185 DEBUG 4100 --- [main] o.s.w.s.h.BeanNameUrlHandlerMapping      : Rejected bean name 'dataSourceInitializedPublisher': no URL paths identified
2016-10-07 17:03:27.185 DEBUG 4100 --- [main] o.s.w.s.h.BeanNameUrlHandlerMapping      : Rejected bean name 'org.springframework.boot.autoconfigure.context.ConfigurationPropertiesAutoConfiguration': no URL paths identified
2016-10-07 17:03:27.185 DEBUG 4100 --- [main] o.s.w.s.h.BeanNameUrlHandlerMapping      : Rejected bean name 'org.springframework.boot.autoconfigure.dao.PersistenceExceptionTranslationAutoConfiguration': no URL paths identified
2016-10-07 17:03:27.185 DEBUG 4100 --- [main] o.s.w.s.h.BeanNameUrlHandlerMapping      : Rejected bean name 'persistenceExceptionTranslationPostProcessor': no URL paths identified
2016-10-07 17:03:27.185 DEBUG 4100 --- [main] o.s.w.s.h.BeanNameUrlHandlerMapping      : Rejected bean name 'org.springframework.boot.autoconfigure.data.jpa.JpaRepositoriesAutoConfiguration': no URL paths identified
2016-10-07 17:03:27.185 DEBUG 4100 --- [main] o.s.w.s.h.BeanNameUrlHandlerMapping      : Rejected bean name 'org.springframework.data.repository.core.support.RepositoryFactoryBeanSupport_Predictor': no URL paths identified
2016-10-07 17:03:27.185 DEBUG 4100 --- [main] o.s.w.s.h.BeanNameUrlHandlerMapping      : Rejected bean name 'emBeanDefinitionRegistrarPostProcessor': no URL paths identified
2016-10-07 17:03:27.185 DEBUG 4100 --- [main] o.s.w.s.h.BeanNameUrlHandlerMapping      : Rejected bean name 'jpaMappingContext': no URL paths identified
2016-10-07 17:03:27.185 DEBUG 4100 --- [main] o.s.w.s.h.BeanNameUrlHandlerMapping      : Rejected bean name 'jpaContext': no URL paths identified
2016-10-07 17:03:27.185 DEBUG 4100 --- [main] o.s.w.s.h.BeanNameUrlHandlerMapping      : Rejected bean name 'connectionDetailsDao': no URL paths identified
2016-10-07 17:03:27.185 DEBUG 4100 --- [main] o.s.w.s.h.BeanNameUrlHandlerMapping      : Rejected bean name 'org.springframework.boot.autoconfigure.web.HttpMessageConvertersAutoConfiguration$StringHttpMessageConverterConfiguration': no URL paths identified
2016-10-07 17:03:27.186 DEBUG 4100 --- [main] o.s.w.s.h.BeanNameUrlHandlerMapping      : Rejected bean name 'stringHttpMessageConverter': no URL paths identified
2016-10-07 17:03:27.186 DEBUG 4100 --- [main] o.s.w.s.h.BeanNameUrlHandlerMapping      : Rejected bean name 'spring.http.encoding-org.springframework.boot.autoconfigure.web.HttpEncodingProperties': no URL paths identified
2016-10-07 17:03:27.186 DEBUG 4100 --- [main] o.s.w.s.h.BeanNameUrlHandlerMapping      : Rejected bean name 'org.springframework.boot.autoconfigure.web.JacksonHttpMessageConvertersConfiguration$MappingJackson2HttpMessageConverterConfiguration': no URL paths identified
2016-10-07 17:03:27.186 DEBUG 4100 --- [main] o.s.w.s.h.BeanNameUrlHandlerMapping      : Rejected bean name 'mappingJackson2HttpMessageConverter': no URL paths identified
2016-10-07 17:03:27.186 DEBUG 4100 --- [main] o.s.w.s.h.BeanNameUrlHandlerMapping      : Rejected bean name 'org.springframework.boot.autoconfigure.web.JacksonHttpMessageConvertersConfiguration': no URL paths identified
2016-10-07 17:03:27.187 DEBUG 4100 --- [main] o.s.w.s.h.BeanNameUrlHandlerMapping      : Rejected bean name 'org.springframework.boot.autoconfigure.web.HttpMessageConvertersAutoConfiguration': no URL paths identified
2016-10-07 17:03:27.187 DEBUG 4100 --- [main] o.s.w.s.h.BeanNameUrlHandlerMapping      : Rejected bean name 'messageConverters': no URL paths identified
2016-10-07 17:03:27.187 DEBUG 4100 --- [main] o.s.w.s.h.BeanNameUrlHandlerMapping      : Rejected bean name 'org.springframework.data.web.config.SpringDataWebConfiguration': no URL paths identified
2016-10-07 17:03:27.187 DEBUG 4100 --- [main] o.s.w.s.h.BeanNameUrlHandlerMapping      : Rejected bean name 'pageableResolver': no URL paths identified
2016-10-07 17:03:27.187 DEBUG 4100 --- [main] o.s.w.s.h.BeanNameUrlHandlerMapping      : Rejected bean name 'sortResolver': no URL paths identified
2016-10-07 17:03:27.187 DEBUG 4100 --- [main] o.s.w.s.h.BeanNameUrlHandlerMapping      : Rejected bean name 'org.springframework.data.web.config.SpringDataJacksonConfiguration': no URL paths identified
2016-10-07 17:03:27.187 DEBUG 4100 --- [main] o.s.w.s.h.BeanNameUrlHandlerMapping      : Rejected bean name 'jacksonGeoModule': no URL paths identified
2016-10-07 17:03:27.187 DEBUG 4100 --- [main] o.s.w.s.h.BeanNameUrlHandlerMapping      : Rejected bean name 'org.springframework.boot.autoconfigure.data.web.SpringDataWebAutoConfiguration': no URL paths identified
2016-10-07 17:03:27.187 DEBUG 4100 --- [main] o.s.w.s.h.BeanNameUrlHandlerMapping      : Rejected bean name 'org.springframework.boot.autoconfigure.info.ProjectInfoAutoConfiguration': no URL paths identified
2016-10-07 17:03:27.187 DEBUG 4100 --- [main] o.s.w.s.h.BeanNameUrlHandlerMapping      : Rejected bean name 'spring.info-org.springframework.boot.autoconfigure.info.ProjectInfoProperties': no URL paths identified
2016-10-07 17:03:27.188 DEBUG 4100 --- [main] o.s.w.s.h.BeanNameUrlHandlerMapping      : Rejected bean name 'org.springframework.transaction.annotation.ProxyTransactionManagementConfiguration': no URL paths identified
2016-10-07 17:03:27.188 DEBUG 4100 --- [main] o.s.w.s.h.BeanNameUrlHandlerMapping      : Rejected bean name 'org.springframework.transaction.config.internalTransactionAdvisor': no URL paths identified
2016-10-07 17:03:27.188 DEBUG 4100 --- [main] o.s.w.s.h.BeanNameUrlHandlerMapping      : Rejected bean name 'transactionAttributeSource': no URL paths identified
2016-10-07 17:03:27.188 DEBUG 4100 --- [main] o.s.w.s.h.BeanNameUrlHandlerMapping      : Rejected bean name 'transactionInterceptor': no URL paths identified
2016-10-07 17:03:27.188 DEBUG 4100 --- [main] o.s.w.s.h.BeanNameUrlHandlerMapping      : Rejected bean name 'org.springframework.transaction.config.internalTransactionalEventListenerFactory': no URL paths identified
2016-10-07 17:03:27.188 DEBUG 4100 --- [main] o.s.w.s.h.BeanNameUrlHandlerMapping      : Rejected bean name 'org.springframework.boot.autoconfigure.jdbc.DataSourceTransactionManagerAutoConfiguration$TransactionManagementConfiguration': no URL paths identified
2016-10-07 17:03:27.188 DEBUG 4100 --- [main] o.s.w.s.h.BeanNameUrlHandlerMapping      : Rejected bean name 'org.springframework.boot.autoconfigure.jdbc.DataSourceTransactionManagerAutoConfiguration$DataSourceTransactionManagerConfiguration': no URL paths identified
2016-10-07 17:03:27.189 DEBUG 4100 --- [main] o.s.w.s.h.BeanNameUrlHandlerMapping      : Rejected bean name 'org.springframework.boot.autoconfigure.jdbc.DataSourceTransactionManagerAutoConfiguration': no URL paths identified
2016-10-07 17:03:27.189 DEBUG 4100 --- [main] o.s.w.s.h.BeanNameUrlHandlerMapping      : Rejected bean name 'org.springframework.boot.autoconfigure.jdbc.JdbcTemplateAutoConfiguration': no URL paths identified
2016-10-07 17:03:27.189 DEBUG 4100 --- [main] o.s.w.s.h.BeanNameUrlHandlerMapping      : Rejected bean name 'jdbcTemplate': no URL paths identified
2016-10-07 17:03:27.189 DEBUG 4100 --- [main] o.s.w.s.h.BeanNameUrlHandlerMapping      : Rejected bean name 'namedParameterJdbcTemplate': no URL paths identified
2016-10-07 17:03:27.189 DEBUG 4100 --- [main] o.s.w.s.h.BeanNameUrlHandlerMapping      : Rejected bean name 'org.springframework.boot.autoconfigure.transaction.TransactionAutoConfiguration': no URL paths identified
2016-10-07 17:03:27.189 DEBUG 4100 --- [main] o.s.w.s.h.BeanNameUrlHandlerMapping      : Rejected bean name 'transactionTemplate': no URL paths identified
2016-10-07 17:03:27.189 DEBUG 4100 --- [main] o.s.w.s.h.BeanNameUrlHandlerMapping      : Rejected bean name 'org.springframework.boot.autoconfigure.web.HttpEncodingAutoConfiguration': no URL paths identified
2016-10-07 17:03:27.189 DEBUG 4100 --- [main] o.s.w.s.h.BeanNameUrlHandlerMapping      : Rejected bean name 'characterEncodingFilter': no URL paths identified
2016-10-07 17:03:27.189 DEBUG 4100 --- [main] o.s.w.s.h.BeanNameUrlHandlerMapping      : Rejected bean name 'localeCharsetMappingsCustomizer': no URL paths identified
2016-10-07 17:03:27.189 DEBUG 4100 --- [main] o.s.w.s.h.BeanNameUrlHandlerMapping      : Rejected bean name 'org.springframework.boot.autoconfigure.web.MultipartAutoConfiguration': no URL paths identified
2016-10-07 17:03:27.189 DEBUG 4100 --- [main] o.s.w.s.h.BeanNameUrlHandlerMapping      : Rejected bean name 'multipartConfigElement': no URL paths identified
2016-10-07 17:03:27.190 DEBUG 4100 --- [main] o.s.w.s.h.BeanNameUrlHandlerMapping      : Rejected bean name 'multipartResolver': no URL paths identified
2016-10-07 17:03:27.190 DEBUG 4100 --- [main] o.s.w.s.h.BeanNameUrlHandlerMapping      : Rejected bean name 'spring.http.multipart-org.springframework.boot.autoconfigure.web.MultipartProperties': no URL paths identified
2016-10-07 17:03:27.190 DEBUG 4100 --- [main] o.s.w.s.h.BeanNameUrlHandlerMapping      : Rejected bean name 'org.springframework.boot.autoconfigure.web.ServerPropertiesAutoConfiguration': no URL paths identified
2016-10-07 17:03:27.190 DEBUG 4100 --- [main] o.s.w.s.h.BeanNameUrlHandlerMapping      : Rejected bean name 'serverProperties': no URL paths identified
2016-10-07 17:03:27.190 DEBUG 4100 --- [main] o.s.w.s.h.BeanNameUrlHandlerMapping      : Rejected bean name 'duplicateServerPropertiesDetector': no URL paths identified
2016-10-07 17:03:27.190 DEBUG 4100 --- [main] o.s.w.s.h.BeanNameUrlHandlerMapping      : Rejected bean name 'org.springframework.boot.autoconfigure.web.WebClientAutoConfiguration$RestTemplateConfiguration': no URL paths identified
2016-10-07 17:03:27.190 DEBUG 4100 --- [main] o.s.w.s.h.BeanNameUrlHandlerMapping      : Rejected bean name 'restTemplateBuilder': no URL paths identified
2016-10-07 17:03:27.190 DEBUG 4100 --- [main] o.s.w.s.h.BeanNameUrlHandlerMapping      : Rejected bean name 'org.springframework.boot.autoconfigure.web.WebClientAutoConfiguration': no URL paths identified
2016-10-07 17:03:27.190 DEBUG 4100 --- [main] o.s.w.s.h.BeanNameUrlHandlerMapping      : Rejected bean name 'org.springframework.orm.jpa.SharedEntityManagerCreator#0': no URL paths identified
2016-10-07 17:03:27.190 DEBUG 4100 --- [main] o.s.w.s.h.BeanNameUrlHandlerMapping      : Rejected bean name 'autoConfigurationReport': no URL paths identified
2016-10-07 17:03:27.190 DEBUG 4100 --- [main] o.s.w.s.h.BeanNameUrlHandlerMapping      : Rejected bean name 'springApplicationArguments': no URL paths identified
2016-10-07 17:03:27.190 DEBUG 4100 --- [main] o.s.w.s.h.BeanNameUrlHandlerMapping      : Rejected bean name 'springBootBanner': no URL paths identified
2016-10-07 17:03:27.190 DEBUG 4100 --- [main] o.s.w.s.h.BeanNameUrlHandlerMapping      : Rejected bean name 'springBootLoggingSystem': no URL paths identified
2016-10-07 17:03:27.190 DEBUG 4100 --- [main] o.s.w.s.h.BeanNameUrlHandlerMapping      : Rejected bean name 'environment': no URL paths identified
2016-10-07 17:03:27.190 DEBUG 4100 --- [main] o.s.w.s.h.BeanNameUrlHandlerMapping      : Rejected bean name 'systemProperties': no URL paths identified
2016-10-07 17:03:27.190 DEBUG 4100 --- [main] o.s.w.s.h.BeanNameUrlHandlerMapping      : Rejected bean name 'systemEnvironment': no URL paths identified
2016-10-07 17:03:27.190 DEBUG 4100 --- [main] o.s.w.s.h.BeanNameUrlHandlerMapping      : Rejected bean name 'org.springframework.context.annotation.ConfigurationClassPostProcessor.importRegistry': no URL paths identified
2016-10-07 17:03:27.190 DEBUG 4100 --- [main] o.s.w.s.h.BeanNameUrlHandlerMapping      : Rejected bean name 'messageSource': no URL paths identified
2016-10-07 17:03:27.190 DEBUG 4100 --- [main] o.s.w.s.h.BeanNameUrlHandlerMapping      : Rejected bean name 'applicationEventMulticaster': no URL paths identified
2016-10-07 17:03:27.190 DEBUG 4100 --- [main] o.s.w.s.h.BeanNameUrlHandlerMapping      : Rejected bean name 'servletContext': no URL paths identified
2016-10-07 17:03:27.190 DEBUG 4100 --- [main] o.s.w.s.h.BeanNameUrlHandlerMapping      : Rejected bean name 'contextParameters': no URL paths identified
2016-10-07 17:03:27.190 DEBUG 4100 --- [main] o.s.w.s.h.BeanNameUrlHandlerMapping      : Rejected bean name 'contextAttributes': no URL paths identified
2016-10-07 17:03:27.196  INFO 4100 --- [main] o.s.w.s.handler.SimpleUrlHandlerMapping  : Mapped URL path [/webjars/**] onto handler of type [class org.springframework.web.servlet.resource.ResourceHttpRequestHandler]
2016-10-07 17:03:27.196  INFO 4100 --- [main] o.s.w.s.handler.SimpleUrlHandlerMapping  : Mapped URL path [/**] onto handler of type [class org.springframework.web.servlet.resource.ResourceHttpRequestHandler]
2016-10-07 17:03:27.215 DEBUG 4100 --- [main] .m.m.a.ExceptionHandlerExceptionResolver : Looking for exception mappings: org.springframework.boot.context.embedded.AnnotationConfigEmbeddedWebApplicationContext@1d296da: startup date [Fri Oct 07 17:03:20 CDT 2016]; root of context hierarchy
2016-10-07 17:03:27.255  INFO 4100 --- [main] o.s.w.s.handler.SimpleUrlHandlerMapping  : Mapped URL path [/**/favicon.ico] onto handler of type [class org.springframework.web.servlet.resource.ResourceHttpRequestHandler]
2016-10-07 17:03:27.285  INFO 4100 --- [main] oConfiguration$WelcomePageHandlerMapping : Adding welcome page: class path resource [public/index.html]
2016-10-07 17:03:27.571  INFO 4100 --- [main] o.s.j.e.a.AnnotationMBeanExporter        : Registering beans for JMX exposure on startup
2016-10-07 17:03:27.585  INFO 4100 --- [main] o.s.c.support.DefaultLifecycleProcessor  : Starting beans in phase 2147483647
2016-10-07 17:03:27.585  INFO 4100 --- [main] d.s.w.p.DocumentationPluginsBootstrapper : Context refreshed
2016-10-07 17:03:27.611  INFO 4100 --- [main] d.s.w.p.DocumentationPluginsBootstrapper : Found 1 custom documentation plugin(s)
2016-10-07 17:03:27.626  INFO 4100 --- [main] s.d.s.w.s.ApiListingReferenceScanner     : Scanning for api listing references
2016-10-07 17:03:27.952  INFO 4100 --- [main] .d.s.w.r.o.CachingOperationNameGenerator : Generating unique operation named: getConnectionDetailsUsingGET_1
2016-10-07 17:03:27.973 DEBUG 4100 --- [main] o.s.w.s.resource.ResourceUrlProvider     : Looking for resource handler mappings
2016-10-07 17:03:27.974 DEBUG 4100 --- [main] o.s.w.s.resource.ResourceUrlProvider     : Found resource handler mapping: URL pattern="/**/favicon.ico", locations=[ServletContext resource [/], class path resource [META-INF/resources/], class path resource [resources/], class path resource [static/], class path resource [public/], class path resource []], resolvers=[org.springframework.web.servlet.resource.PathResourceResolver@1f85904a]
2016-10-07 17:03:27.975 DEBUG 4100 --- [main] o.s.w.s.resource.ResourceUrlProvider     : Found resource handler mapping: URL pattern="/webjars/**", locations=[class path resource [META-INF/resources/webjars/]], resolvers=[org.springframework.web.servlet.resource.PathResourceResolver@514dc5f4]
2016-10-07 17:03:27.975 DEBUG 4100 --- [main] o.s.w.s.resource.ResourceUrlProvider     : Found resource handler mapping: URL pattern="/**", locations=[ServletContext resource [/], class path resource [META-INF/resources/], class path resource [resources/], class path resource [static/], class path resource [public/]], resolvers=[org.springframework.web.servlet.resource.PathResourceResolver@633a11eb]
2016-10-07 17:03:28.030  INFO 4100 --- [main] s.b.c.e.t.TomcatEmbeddedServletContainer : Tomcat started on port(s): 8080 (http)
2016-10-07 17:03:28.033 DEBUG 4100 --- [main] o.s.w.c.s.StandardServletEnvironment     : Adding [server.ports] PropertySource with highest search precedence
2016-10-07 17:03:28.046  INFO 4100 --- [main] org.krisbox.cookbook.Application         : Started Application in 8.585 seconds (JVM running for 8.96)
